<?xml version="1.0" encoding="UTF-8"?>
<!-- Generated by org.testng.reporters.JUnitXMLReporter -->
<testsuite ignored="0" hostname="Jarvis" failures="0" tests="7" name="Test" time="135.409" errors="0" timestamp="2024-03-28T17:36:20 IST">
  <testcase classname="testcases.TC001_SignUpTest" name="SignUpTest" time="4.0"/>
  <testcase classname="testcases.TC002_LoginTest" name="LoginTest" time="3.583"/>
  <testcase classname="testcases.TC003_OneWayTripTest" name="OneWayTripTest" time="30.451"/>
  <testcase classname="testcases.TC004_RoundTripTest" name="RoundTripTest" time="24.952"/>
  <testcase classname="testcases.TC005_HomePageLinksValidation" name="HomePageLinksValidation" time="5.157"/>
  <testcase classname="testcases.TC005_HomePageLinksValidation" name="HomePageLinksValidation" time="5.248"/>
  <testcase classname="testcases.TC005_HomePageLinksValidation" name="HomePageLinksValidation" time="6.293"/>
</testsuite> <!-- Test -->
