<?xml version="1.0" encoding="UTF-8"?>
<testng-results ignored="0" total="7" passed="7" failed="0" skipped="0">
  <reporter-output>
  </reporter-output>
  <suite started-at="2024-03-28T17:34:04 IST" name="Suite" finished-at="2024-03-28T17:36:20 IST" duration-ms="135409">
    <groups>
    </groups>
    <test started-at="2024-03-28T17:34:04 IST" name="Test" finished-at="2024-03-28T17:36:20 IST" duration-ms="135409">
      <class name="testcases.TC001_SignUpTest">
        <test-method is-config="true" signature="setup()[pri:0, instance:testcases.TC001_SignUpTest@333d4a8c]" started-at="2024-03-28T17:34:04 IST" name="setup" finished-at="2024-03-28T17:34:04 IST" duration-ms="6" status="PASS">
          <reporter-output>
          </reporter-output>
        </test-method> <!-- setup -->
        <test-method is-config="true" signature="launchBrowser(java.lang.String,java.lang.String)[pri:0, instance:testcases.TC001_SignUpTest@333d4a8c]" started-at="2024-03-28T17:34:05 IST" name="launchBrowser" finished-at="2024-03-28T17:34:11 IST" duration-ms="6212" status="PASS">
          <params>
            <param index="0">
              <value>
                <![CDATA[chrome]]>
              </value>
            </param>
            <param index="1">
              <value>
                <![CDATA[https://www.spicejet.com/]]>
              </value>
            </param>
          </params>
          <reporter-output>
          </reporter-output>
        </test-method> <!-- launchBrowser -->
        <test-method signature="SignUpTest(java.lang.String,java.lang.String,java.lang.String,java.lang.String,java.lang.String,java.lang.String,java.lang.String,java.lang.String,java.lang.String)[pri:0, instance:testcases.TC001_SignUpTest@333d4a8c]" started-at="2024-03-28T17:34:11 IST" name="SignUpTest" data-provider="readExcel" finished-at="2024-03-28T17:34:15 IST" duration-ms="4000" status="PASS">
          <params>
            <param index="0">
              <value>
                <![CDATA[Mr]]>
              </value>
            </param>
            <param index="1">
              <value>
                <![CDATA[Aswin]]>
              </value>
            </param>
            <param index="2">
              <value>
                <![CDATA[Kumar]]>
              </value>
            </param>
            <param index="3">
              <value>
                <![CDATA[16]]>
              </value>
            </param>
            <param index="4">
              <value>
                <![CDATA[March]]>
              </value>
            </param>
            <param index="5">
              <value>
                <![CDATA[1994]]>
              </value>
            </param>
            <param index="6">
              <value>
                <![CDATA[7010778832]]>
              </value>
            </param>
            <param index="7">
              <value>
                <![CDATA[aswinkumar_r@outlook.com]]>
              </value>
            </param>
            <param index="8">
              <value>
                <![CDATA[Welcome@123]]>
              </value>
            </param>
          </params>
          <reporter-output>
          </reporter-output>
        </test-method> <!-- SignUpTest -->
      </class> <!-- testcases.TC001_SignUpTest -->
      <class name="testcases.TC005_HomePageLinksValidation">
        <test-method is-config="true" signature="setup()[pri:0, instance:testcases.TC005_HomePageLinksValidation@79207381]" started-at="2024-03-28T17:34:04 IST" name="setup" finished-at="2024-03-28T17:34:04 IST" duration-ms="1" status="PASS">
          <reporter-output>
          </reporter-output>
        </test-method> <!-- setup -->
        <test-method is-config="true" signature="launchBrowser(java.lang.String,java.lang.String)[pri:0, instance:testcases.TC005_HomePageLinksValidation@79207381]" started-at="2024-03-28T17:35:40 IST" name="launchBrowser" finished-at="2024-03-28T17:35:47 IST" duration-ms="6630" status="PASS">
          <params>
            <param index="0">
              <value>
                <![CDATA[chrome]]>
              </value>
            </param>
            <param index="1">
              <value>
                <![CDATA[https://www.spicejet.com/]]>
              </value>
            </param>
          </params>
          <reporter-output>
          </reporter-output>
        </test-method> <!-- launchBrowser -->
        <test-method signature="HomePageLinksValidation(java.lang.String,java.lang.String)[pri:0, instance:testcases.TC005_HomePageLinksValidation@79207381]" started-at="2024-03-28T17:35:47 IST" name="HomePageLinksValidation" data-provider="readExcel" finished-at="2024-03-28T17:35:52 IST" duration-ms="5157" status="PASS">
          <params>
            <param index="0">
              <value>
                <![CDATA[check-in]]>
              </value>
            </param>
            <param index="1">
              <value>
                <![CDATA[Web Check-In]]>
              </value>
            </param>
          </params>
          <reporter-output>
          </reporter-output>
        </test-method> <!-- HomePageLinksValidation -->
        <test-method is-config="true" signature="launchBrowser(java.lang.String,java.lang.String)[pri:0, instance:testcases.TC005_HomePageLinksValidation@79207381]" started-at="2024-03-28T17:35:52 IST" name="launchBrowser" finished-at="2024-03-28T17:35:59 IST" duration-ms="6579" status="PASS">
          <params>
            <param index="0">
              <value>
                <![CDATA[chrome]]>
              </value>
            </param>
            <param index="1">
              <value>
                <![CDATA[https://www.spicejet.com/]]>
              </value>
            </param>
          </params>
          <reporter-output>
          </reporter-output>
        </test-method> <!-- launchBrowser -->
        <test-method signature="HomePageLinksValidation(java.lang.String,java.lang.String)[pri:0, instance:testcases.TC005_HomePageLinksValidation@79207381]" started-at="2024-03-28T17:35:59 IST" name="HomePageLinksValidation" data-provider="readExcel" finished-at="2024-03-28T17:36:04 IST" duration-ms="5248" status="PASS">
          <params>
            <param index="0">
              <value>
                <![CDATA[flight status]]>
              </value>
            </param>
            <param index="1">
              <value>
                <![CDATA[Flight Status]]>
              </value>
            </param>
          </params>
          <reporter-output>
          </reporter-output>
        </test-method> <!-- HomePageLinksValidation -->
        <test-method is-config="true" signature="launchBrowser(java.lang.String,java.lang.String)[pri:0, instance:testcases.TC005_HomePageLinksValidation@79207381]" started-at="2024-03-28T17:36:04 IST" name="launchBrowser" finished-at="2024-03-28T17:36:13 IST" duration-ms="8513" status="PASS">
          <params>
            <param index="0">
              <value>
                <![CDATA[chrome]]>
              </value>
            </param>
            <param index="1">
              <value>
                <![CDATA[https://www.spicejet.com/]]>
              </value>
            </param>
          </params>
          <reporter-output>
          </reporter-output>
        </test-method> <!-- launchBrowser -->
        <test-method signature="HomePageLinksValidation(java.lang.String,java.lang.String)[pri:0, instance:testcases.TC005_HomePageLinksValidation@79207381]" started-at="2024-03-28T17:36:13 IST" name="HomePageLinksValidation" data-provider="readExcel" finished-at="2024-03-28T17:36:19 IST" duration-ms="6293" status="PASS">
          <params>
            <param index="0">
              <value>
                <![CDATA[manage booking]]>
              </value>
            </param>
            <param index="1">
              <value>
                <![CDATA[View / Manage Booking]]>
              </value>
            </param>
          </params>
          <reporter-output>
          </reporter-output>
        </test-method> <!-- HomePageLinksValidation -->
      </class> <!-- testcases.TC005_HomePageLinksValidation -->
      <class name="testcases.TC002_LoginTest">
        <test-method is-config="true" signature="setup()[pri:0, instance:testcases.TC002_LoginTest@5884a914]" started-at="2024-03-28T17:34:04 IST" name="setup" finished-at="2024-03-28T17:34:04 IST" duration-ms="0" status="PASS">
          <reporter-output>
          </reporter-output>
        </test-method> <!-- setup -->
        <test-method is-config="true" signature="launchBrowser(java.lang.String,java.lang.String)[pri:0, instance:testcases.TC002_LoginTest@5884a914]" started-at="2024-03-28T17:34:16 IST" name="launchBrowser" finished-at="2024-03-28T17:34:21 IST" duration-ms="5291" status="PASS">
          <params>
            <param index="0">
              <value>
                <![CDATA[chrome]]>
              </value>
            </param>
            <param index="1">
              <value>
                <![CDATA[https://www.spicejet.com/]]>
              </value>
            </param>
          </params>
          <reporter-output>
          </reporter-output>
        </test-method> <!-- launchBrowser -->
        <test-method signature="LoginTest(java.lang.String,java.lang.String,java.lang.String)[pri:0, instance:testcases.TC002_LoginTest@5884a914]" started-at="2024-03-28T17:34:21 IST" name="LoginTest" data-provider="readExcel" finished-at="2024-03-28T17:34:24 IST" duration-ms="3583" status="PASS">
          <params>
            <param index="0">
              <value>
                <![CDATA[aswinkumar_r@outlook.com]]>
              </value>
            </param>
            <param index="1">
              <value>
                <![CDATA[Welcome@123]]>
              </value>
            </param>
            <param index="2">
              <value>
                <![CDATA[Aswin]]>
              </value>
            </param>
          </params>
          <reporter-output>
          </reporter-output>
        </test-method> <!-- LoginTest -->
      </class> <!-- testcases.TC002_LoginTest -->
      <class name="testcases.TC004_RoundTripTest">
        <test-method is-config="true" signature="launchBrowser(java.lang.String,java.lang.String)[pri:0, instance:testcases.TC004_RoundTripTest@60f00693]" started-at="2024-03-28T17:35:06 IST" name="launchBrowser" finished-at="2024-03-28T17:35:15 IST" duration-ms="9024" status="PASS">
          <params>
            <param index="0">
              <value>
                <![CDATA[chrome]]>
              </value>
            </param>
            <param index="1">
              <value>
                <![CDATA[https://www.spicejet.com/]]>
              </value>
            </param>
          </params>
          <reporter-output>
          </reporter-output>
        </test-method> <!-- launchBrowser -->
        <test-method signature="RoundTripTest()[pri:0, instance:testcases.TC004_RoundTripTest@60f00693]" started-at="2024-03-28T17:35:15 IST" name="RoundTripTest" finished-at="2024-03-28T17:35:40 IST" duration-ms="24952" status="PASS">
          <reporter-output>
          </reporter-output>
        </test-method> <!-- RoundTripTest -->
      </class> <!-- testcases.TC004_RoundTripTest -->
      <class name="testcases.TC003_OneWayTripTest">
        <test-method is-config="true" signature="launchBrowser(java.lang.String,java.lang.String)[pri:0, instance:testcases.TC003_OneWayTripTest@50378a4]" started-at="2024-03-28T17:34:25 IST" name="launchBrowser" finished-at="2024-03-28T17:34:35 IST" duration-ms="10485" status="PASS">
          <params>
            <param index="0">
              <value>
                <![CDATA[chrome]]>
              </value>
            </param>
            <param index="1">
              <value>
                <![CDATA[https://www.spicejet.com/]]>
              </value>
            </param>
          </params>
          <reporter-output>
          </reporter-output>
        </test-method> <!-- launchBrowser -->
        <test-method signature="OneWayTripTest()[pri:0, instance:testcases.TC003_OneWayTripTest@50378a4]" started-at="2024-03-28T17:34:35 IST" name="OneWayTripTest" finished-at="2024-03-28T17:35:06 IST" duration-ms="30451" status="PASS">
          <reporter-output>
          </reporter-output>
        </test-method> <!-- OneWayTripTest -->
      </class> <!-- testcases.TC003_OneWayTripTest -->
    </test> <!-- Test -->
  </suite> <!-- Suite -->
</testng-results>
